<?xml version="1.0" encoding="UTF-8"?>
<!-- Generated by org.testng.reporters.JUnitReportReporter -->
<testsuite hostname="Hithesh" failures="0" tests="1" name="com.amazon.testscript.TabletsTest" time="3.362" errors="0" timestamp="2025-07-24T18:22:25 IST" skipped="0">
  <testcase classname="com.amazon.testscript.TabletsTest" name="testExtractTabletData" time="3.362"/>
</testsuite> <!-- com.amazon.testscript.TabletsTest -->
