<?xml version="1.0" encoding="UTF-8"?>
<!-- Generated by org.testng.reporters.JUnitReportReporter -->
<testsuite hostname="Hithesh" failures="0" tests="1" name="com.amazon.testscript.TabletsTest" time="3.224" errors="0" timestamp="2025-06-24T21:02:13 IST" skipped="0">
  <testcase classname="com.amazon.testscript.TabletsTest" name="testExtractTabletData" time="3.224"/>
</testsuite> <!-- com.amazon.testscript.TabletsTest -->
